xxxxsk commented on 4 Jan 2019
IWhen I want to test test_selenium.py in Chapter 15: Unit tests with Selenium (15d), I failed .This is the traceback
` flask test
test_404 (test_api.APITestCase) ... ok
test_anonymous (test_api.APITestCase) ... ok
test_bad_auth (test_api.APITestCase) ... ok
test_comments (test_api.APITestCase) ... ok
test_no_auth (test_api.APITestCase) ... ok
test_posts (test_api.APITestCase) ... ok
test_token_auth (test_api.APITestCase) ... ok
test_unconfirmed_account (test_api.APITestCase) ... ok
test_users (test_api.APITestCase) ... ok
test_app_exists (test_basics.BasicTestCase) ... ok
test_app_is_testing (test_basics.BasicTestCase) ... ok
test_home_page (test_client.FlaskClientTestCase) ... ok
test_register_and_login (test_client.FlaskClientTestCase) ... ok
/anaconda3/lib/python3.7/threading.py:865: Warning: Silently ignoring app.run() because the application is run from the flask command line executable. Consider putting app.run() behind an if name == "main" guard to silence this warning.
self._target(*self._args, **self._kwargs)
test_admin_home_page (test_selenium.SeleniumTestCase) ... FAIL
test_administrator_role (test_user_model.UserModelTestCase) ... ok
test_anonymous_user (test_user_model.UserModelTestCase) ... ok
test_duplicate_email_change_token (test_user_model.UserModelTestCase) ... ok
test_expired_confirmation_token (test_user_model.UserModelTestCase) ... ok
test_follows (test_user_model.UserModelTestCase) ... ok
test_gravatar (test_user_model.UserModelTestCase) ... ok
test_invalid_confirmation_token (test_user_model.UserModelTestCase) ... ok
test_invalid_email_change_token (test_user_model.UserModelTestCase) ... ok
test_invalid_reset_token (test_user_model.UserModelTestCase) ... ok
test_moderator_role (test_user_model.UserModelTestCase) ... ok
test_no_password_getter (test_user_model.UserModelTestCase) ... ok
test_password_salts_are_random (test_user_model.UserModelTestCase) ... ok
test_password_setter (test_user_model.UserModelTestCase) ... ok
test_password_verification (test_user_model.UserModelTestCase) ... ok
test_ping (test_user_model.UserModelTestCase) ... ok
test_timestamps (test_user_model.UserModelTestCase) ... ok
test_to_json (test_user_model.UserModelTestCase) ... ok
test_user_role (test_user_model.UserModelTestCase) ... ok
test_valid_confirmation_token (test_user_model.UserModelTestCase) ... ok
test_valid_email_change_token (test_user_model.UserModelTestCase) ... ok
test_valid_reset_token (test_user_model.UserModelTestCase) ... ok
======================================================================
FAIL: test_admin_home_page (test_selenium.SeleniumTestCase)
Traceback (most recent call last):
File "/Users/xueshuaikang/learn_flask/tests/test_selenium.py", line 84, in test_admin_home_page
self.client.page_source))
AssertionError: None is not true
Ran 35 tests in 11.375s
FAILED (failures=1)`
I think I failed to run flask app when test_admin_home_page.Counld you help me?
Sorry that I am not good at English!
Python version:3.7.0
Flask version:1.0.2
Werkzeug version:0.14.1